[debug] [2023-02-15T17:36:08.661Z] ----------------------------------------------------------------------
[debug] [2023-02-15T17:36:08.662Z] Command:       /opt/homebrew/Cellar/node/19.6.0/bin/node /opt/homebrew/bin/firebase serve --only hosting
[debug] [2023-02-15T17:36:08.663Z] CLI Version:   11.22.0
[debug] [2023-02-15T17:36:08.663Z] Platform:      darwin
[debug] [2023-02-15T17:36:08.663Z] Node Version:  v19.6.0
[debug] [2023-02-15T17:36:08.663Z] Time:          Wed Feb 15 2023 18:36:08 GMT+0100 (Central European Standard Time)
[debug] [2023-02-15T17:36:08.663Z] ----------------------------------------------------------------------
[debug] 
[debug] [2023-02-15T17:36:08.705Z] > command requires scopes: ["email","openid","https://www.googleapis.com/auth/cloudplatformprojects.readonly","https://www.googleapis.com/auth/firebase","https://www.googleapis.com/auth/cloud-platform"]
[debug] [2023-02-15T17:36:08.705Z] > authorizing via signed-in user (z.macele@gmail.com)
[debug] [2023-02-15T17:36:08.705Z] [iam] checking project twitter-cl0ne for permissions ["firebase.projects.get"]
[debug] [2023-02-15T17:36:08.706Z] >>> [apiv2][query] POST https://cloudresourcemanager.googleapis.com/v1/projects/twitter-cl0ne:testIamPermissions [none]
[debug] [2023-02-15T17:36:08.706Z] >>> [apiv2][(partial)header] POST https://cloudresourcemanager.googleapis.com/v1/projects/twitter-cl0ne:testIamPermissions x-goog-quota-user=projects/twitter-cl0ne
[debug] [2023-02-15T17:36:08.706Z] >>> [apiv2][body] POST https://cloudresourcemanager.googleapis.com/v1/projects/twitter-cl0ne:testIamPermissions {"permissions":["firebase.projects.get"]}
[debug] [2023-02-15T17:36:09.480Z] <<< [apiv2][status] POST https://cloudresourcemanager.googleapis.com/v1/projects/twitter-cl0ne:testIamPermissions 200
[debug] [2023-02-15T17:36:09.480Z] <<< [apiv2][body] POST https://cloudresourcemanager.googleapis.com/v1/projects/twitter-cl0ne:testIamPermissions {"permissions":["firebase.projects.get"]}
[debug] [2023-02-15T17:36:09.480Z] >>> [apiv2][query] GET https://firebase.googleapis.com/v1beta1/projects/twitter-cl0ne [none]
[debug] [2023-02-15T17:36:09.759Z] <<< [apiv2][status] GET https://firebase.googleapis.com/v1beta1/projects/twitter-cl0ne 200
[debug] [2023-02-15T17:36:09.759Z] <<< [apiv2][body] GET https://firebase.googleapis.com/v1beta1/projects/twitter-cl0ne {"projectId":"twitter-cl0ne","projectNumber":"34904522694","displayName":"twittter-clone","name":"projects/twitter-cl0ne","resources":{"hostingSite":"twitter-cl0ne","realtimeDatabaseInstance":"twitter-cl0ne-default-rtdb","storageBucket":"twitter-cl0ne.appspot.com","locationId":"us-central"},"state":"ACTIVE","etag":"1_6c3f2d5b-1961-4651-b80e-c58dcca5190e"}
[debug] [2023-02-15T17:36:09.761Z] >>> [apiv2][query] GET https://firebasehosting.googleapis.com/v1beta1/projects/twitter-cl0ne/sites 
[debug] [2023-02-15T17:36:10.912Z] <<< [apiv2][status] GET https://firebasehosting.googleapis.com/v1beta1/projects/twitter-cl0ne/sites 200
[debug] [2023-02-15T17:36:10.912Z] <<< [apiv2][body] GET https://firebasehosting.googleapis.com/v1beta1/projects/twitter-cl0ne/sites {"sites":[{"name":"projects/twitter-cl0ne/sites/twitter-cl0ne","defaultUrl":"https://twitter-cl0ne.web.app","type":"DEFAULT_SITE"}]}
[debug] [2023-02-15T17:36:10.913Z] >>> [apiv2][query] GET https://firebase.googleapis.com/v1beta1/projects/twitter-cl0ne/webApps/-/config [none]
[debug] [2023-02-15T17:36:11.627Z] <<< [apiv2][status] GET https://firebase.googleapis.com/v1beta1/projects/twitter-cl0ne/webApps/-/config 200
[debug] [2023-02-15T17:36:11.627Z] <<< [apiv2][body] GET https://firebase.googleapis.com/v1beta1/projects/twitter-cl0ne/webApps/-/config {"projectId":"twitter-cl0ne","appId":"1:34904522694:web:68e311cb35f1dba8a1bcc7","databaseURL":"https://twitter-cl0ne-default-rtdb.firebaseio.com","storageBucket":"twitter-cl0ne.appspot.com","locationId":"us-central","apiKey":"AIzaSyBpJ8CA8p5FMwk8Rbo3heSkXm_5yiigMOo","authDomain":"twitter-cl0ne.firebaseapp.com","messagingSenderId":"34904522694"}
[debug] [2023-02-15T17:36:11.634Z] >>> [apiv2][query] GET https://firebase.googleapis.com/v1beta1/projects/twitter-cl0ne [none]
[debug] [2023-02-15T17:36:11.934Z] <<< [apiv2][status] GET https://firebase.googleapis.com/v1beta1/projects/twitter-cl0ne 200
[debug] [2023-02-15T17:36:11.934Z] <<< [apiv2][body] GET https://firebase.googleapis.com/v1beta1/projects/twitter-cl0ne {"projectId":"twitter-cl0ne","projectNumber":"34904522694","displayName":"twittter-clone","name":"projects/twitter-cl0ne","resources":{"hostingSite":"twitter-cl0ne","realtimeDatabaseInstance":"twitter-cl0ne-default-rtdb","storageBucket":"twitter-cl0ne.appspot.com","locationId":"us-central"},"state":"ACTIVE","etag":"1_6c3f2d5b-1961-4651-b80e-c58dcca5190e"}
[info] i  hosting[twitter-cl0ne]: Serving hosting files from: public {"metadata":{"emulator":{"name":"hosting"},"message":"Serving hosting files from: \u001b[1mpublic\u001b[22m"}}
[info] ✔  hosting[twitter-cl0ne]: Local server: http://localhost:5011 {"metadata":{"emulator":{"name":"hosting"},"message":"Local server: \u001b[4m\u001b[1mhttp://localhost:5011\u001b[22m\u001b[24m"}}
[debug] [2023-02-15T20:06:14.085Z] ----------------------------------------------------------------------
[debug] [2023-02-15T20:06:14.086Z] Command:       /opt/homebrew/Cellar/node/19.6.0/bin/node /opt/homebrew/bin/firebase serve --only hosting
[debug] [2023-02-15T20:06:14.086Z] CLI Version:   11.22.0
[debug] [2023-02-15T20:06:14.086Z] Platform:      darwin
[debug] [2023-02-15T20:06:14.087Z] Node Version:  v19.6.0
[debug] [2023-02-15T20:06:14.087Z] Time:          Wed Feb 15 2023 21:06:14 GMT+0100 (Central European Standard Time)
[debug] [2023-02-15T20:06:14.087Z] ----------------------------------------------------------------------
[debug] 
[debug] [2023-02-15T20:06:14.129Z] > command requires scopes: ["email","openid","https://www.googleapis.com/auth/cloudplatformprojects.readonly","https://www.googleapis.com/auth/firebase","https://www.googleapis.com/auth/cloud-platform"]
[debug] [2023-02-15T20:06:14.129Z] > authorizing via signed-in user (z.macele@gmail.com)
[debug] [2023-02-15T20:06:14.129Z] [iam] checking project twitter-cl0ne for permissions ["firebase.projects.get"]
[debug] [2023-02-15T20:06:14.130Z] > refreshing access token with scopes: []
[debug] [2023-02-15T20:06:14.131Z] >>> [apiv2][query] POST https://www.googleapis.com/oauth2/v3/token [none]
[debug] [2023-02-15T20:06:14.131Z] >>> [apiv2][body] POST https://www.googleapis.com/oauth2/v3/token [omitted]
[debug] [2023-02-15T20:06:14.259Z] <<< [apiv2][status] POST https://www.googleapis.com/oauth2/v3/token 200
[debug] [2023-02-15T20:06:14.259Z] <<< [apiv2][body] POST https://www.googleapis.com/oauth2/v3/token [omitted]
[debug] [2023-02-15T20:06:14.270Z] >>> [apiv2][query] POST https://cloudresourcemanager.googleapis.com/v1/projects/twitter-cl0ne:testIamPermissions [none]
[debug] [2023-02-15T20:06:14.271Z] >>> [apiv2][(partial)header] POST https://cloudresourcemanager.googleapis.com/v1/projects/twitter-cl0ne:testIamPermissions x-goog-quota-user=projects/twitter-cl0ne
[debug] [2023-02-15T20:06:14.271Z] >>> [apiv2][body] POST https://cloudresourcemanager.googleapis.com/v1/projects/twitter-cl0ne:testIamPermissions {"permissions":["firebase.projects.get"]}
[debug] [2023-02-15T20:06:15.057Z] <<< [apiv2][status] POST https://cloudresourcemanager.googleapis.com/v1/projects/twitter-cl0ne:testIamPermissions 200
[debug] [2023-02-15T20:06:15.057Z] <<< [apiv2][body] POST https://cloudresourcemanager.googleapis.com/v1/projects/twitter-cl0ne:testIamPermissions {"permissions":["firebase.projects.get"]}
[debug] [2023-02-15T20:06:15.058Z] >>> [apiv2][query] GET https://firebase.googleapis.com/v1beta1/projects/twitter-cl0ne [none]
[debug] [2023-02-15T20:06:15.407Z] <<< [apiv2][status] GET https://firebase.googleapis.com/v1beta1/projects/twitter-cl0ne 200
[debug] [2023-02-15T20:06:15.407Z] <<< [apiv2][body] GET https://firebase.googleapis.com/v1beta1/projects/twitter-cl0ne {"projectId":"twitter-cl0ne","projectNumber":"34904522694","displayName":"twittter-clone","name":"projects/twitter-cl0ne","resources":{"hostingSite":"twitter-cl0ne","realtimeDatabaseInstance":"twitter-cl0ne-default-rtdb","storageBucket":"twitter-cl0ne.appspot.com","locationId":"us-central"},"state":"ACTIVE","etag":"1_6c3f2d5b-1961-4651-b80e-c58dcca5190e"}
[debug] [2023-02-15T20:06:15.411Z] >>> [apiv2][query] GET https://firebasehosting.googleapis.com/v1beta1/projects/twitter-cl0ne/sites 
[debug] [2023-02-15T20:06:16.483Z] <<< [apiv2][status] GET https://firebasehosting.googleapis.com/v1beta1/projects/twitter-cl0ne/sites 200
[debug] [2023-02-15T20:06:16.483Z] <<< [apiv2][body] GET https://firebasehosting.googleapis.com/v1beta1/projects/twitter-cl0ne/sites {"sites":[{"name":"projects/twitter-cl0ne/sites/twitter-cl0ne","defaultUrl":"https://twitter-cl0ne.web.app","type":"DEFAULT_SITE"}]}
[debug] [2023-02-15T20:06:16.484Z] >>> [apiv2][query] GET https://firebase.googleapis.com/v1beta1/projects/twitter-cl0ne/webApps/-/config [none]
[debug] [2023-02-15T20:06:17.242Z] <<< [apiv2][status] GET https://firebase.googleapis.com/v1beta1/projects/twitter-cl0ne/webApps/-/config 200
[debug] [2023-02-15T20:06:17.243Z] <<< [apiv2][body] GET https://firebase.googleapis.com/v1beta1/projects/twitter-cl0ne/webApps/-/config {"projectId":"twitter-cl0ne","appId":"1:34904522694:web:68e311cb35f1dba8a1bcc7","databaseURL":"https://twitter-cl0ne-default-rtdb.firebaseio.com","storageBucket":"twitter-cl0ne.appspot.com","locationId":"us-central","apiKey":"AIzaSyBpJ8CA8p5FMwk8Rbo3heSkXm_5yiigMOo","authDomain":"twitter-cl0ne.firebaseapp.com","messagingSenderId":"34904522694"}
[debug] [2023-02-15T20:06:17.251Z] >>> [apiv2][query] GET https://firebase.googleapis.com/v1beta1/projects/twitter-cl0ne [none]
[debug] [2023-02-15T20:06:17.454Z] <<< [apiv2][status] GET https://firebase.googleapis.com/v1beta1/projects/twitter-cl0ne 200
[debug] [2023-02-15T20:06:17.455Z] <<< [apiv2][body] GET https://firebase.googleapis.com/v1beta1/projects/twitter-cl0ne {"projectId":"twitter-cl0ne","projectNumber":"34904522694","displayName":"twittter-clone","name":"projects/twitter-cl0ne","resources":{"hostingSite":"twitter-cl0ne","realtimeDatabaseInstance":"twitter-cl0ne-default-rtdb","storageBucket":"twitter-cl0ne.appspot.com","locationId":"us-central"},"state":"ACTIVE","etag":"1_6c3f2d5b-1961-4651-b80e-c58dcca5190e"}
[info] i  hosting[twitter-cl0ne]: Serving hosting files from: public {"metadata":{"emulator":{"name":"hosting"},"message":"Serving hosting files from: \u001b[1mpublic\u001b[22m"}}
[info] ✔  hosting[twitter-cl0ne]: Local server: http://localhost:5012 {"metadata":{"emulator":{"name":"hosting"},"message":"Local server: \u001b[4m\u001b[1mhttp://localhost:5012\u001b[22m\u001b[24m"}}
[debug] [2023-02-15T20:54:27.777Z] ----------------------------------------------------------------------
[debug] [2023-02-15T20:54:27.778Z] Command:       /opt/homebrew/Cellar/node/19.6.0/bin/node /opt/homebrew/bin/firebase serve --only hosting
[debug] [2023-02-15T20:54:27.779Z] CLI Version:   11.22.0
[debug] [2023-02-15T20:54:27.779Z] Platform:      darwin
[debug] [2023-02-15T20:54:27.779Z] Node Version:  v19.6.0
[debug] [2023-02-15T20:54:27.779Z] Time:          Wed Feb 15 2023 21:54:27 GMT+0100 (Central European Standard Time)
[debug] [2023-02-15T20:54:27.779Z] ----------------------------------------------------------------------
[debug] 
[debug] [2023-02-15T20:54:27.824Z] > command requires scopes: ["email","openid","https://www.googleapis.com/auth/cloudplatformprojects.readonly","https://www.googleapis.com/auth/firebase","https://www.googleapis.com/auth/cloud-platform"]
[debug] [2023-02-15T20:54:27.825Z] > authorizing via signed-in user (z.macele@gmail.com)
[debug] [2023-02-15T20:54:27.825Z] [iam] checking project twitter-cl0ne for permissions ["firebase.projects.get"]
[debug] [2023-02-15T20:54:27.825Z] > refreshing access token with scopes: []
[debug] [2023-02-15T20:54:27.826Z] >>> [apiv2][query] POST https://www.googleapis.com/oauth2/v3/token [none]
[debug] [2023-02-15T20:54:27.826Z] >>> [apiv2][body] POST https://www.googleapis.com/oauth2/v3/token [omitted]
[debug] [2023-02-15T20:54:27.966Z] <<< [apiv2][status] POST https://www.googleapis.com/oauth2/v3/token 200
[debug] [2023-02-15T20:54:27.966Z] <<< [apiv2][body] POST https://www.googleapis.com/oauth2/v3/token [omitted]
[debug] [2023-02-15T20:54:27.977Z] >>> [apiv2][query] POST https://cloudresourcemanager.googleapis.com/v1/projects/twitter-cl0ne:testIamPermissions [none]
[debug] [2023-02-15T20:54:27.977Z] >>> [apiv2][(partial)header] POST https://cloudresourcemanager.googleapis.com/v1/projects/twitter-cl0ne:testIamPermissions x-goog-quota-user=projects/twitter-cl0ne
[debug] [2023-02-15T20:54:27.977Z] >>> [apiv2][body] POST https://cloudresourcemanager.googleapis.com/v1/projects/twitter-cl0ne:testIamPermissions {"permissions":["firebase.projects.get"]}
[debug] [2023-02-15T20:54:28.750Z] <<< [apiv2][status] POST https://cloudresourcemanager.googleapis.com/v1/projects/twitter-cl0ne:testIamPermissions 200
[debug] [2023-02-15T20:54:28.751Z] <<< [apiv2][body] POST https://cloudresourcemanager.googleapis.com/v1/projects/twitter-cl0ne:testIamPermissions {"permissions":["firebase.projects.get"]}
[debug] [2023-02-15T20:54:28.752Z] >>> [apiv2][query] GET https://firebase.googleapis.com/v1beta1/projects/twitter-cl0ne [none]
[debug] [2023-02-15T20:54:29.053Z] <<< [apiv2][status] GET https://firebase.googleapis.com/v1beta1/projects/twitter-cl0ne 200
[debug] [2023-02-15T20:54:29.055Z] <<< [apiv2][body] GET https://firebase.googleapis.com/v1beta1/projects/twitter-cl0ne {"projectId":"twitter-cl0ne","projectNumber":"34904522694","displayName":"twittter-clone","name":"projects/twitter-cl0ne","resources":{"hostingSite":"twitter-cl0ne","realtimeDatabaseInstance":"twitter-cl0ne-default-rtdb","storageBucket":"twitter-cl0ne.appspot.com","locationId":"us-central"},"state":"ACTIVE","etag":"1_6c3f2d5b-1961-4651-b80e-c58dcca5190e"}
[debug] [2023-02-15T20:54:29.058Z] >>> [apiv2][query] GET https://firebasehosting.googleapis.com/v1beta1/projects/twitter-cl0ne/sites 
[debug] [2023-02-15T20:54:30.086Z] <<< [apiv2][status] GET https://firebasehosting.googleapis.com/v1beta1/projects/twitter-cl0ne/sites 200
[debug] [2023-02-15T20:54:30.087Z] <<< [apiv2][body] GET https://firebasehosting.googleapis.com/v1beta1/projects/twitter-cl0ne/sites {"sites":[{"name":"projects/twitter-cl0ne/sites/twitter-cl0ne","defaultUrl":"https://twitter-cl0ne.web.app","type":"DEFAULT_SITE"}]}
[debug] [2023-02-15T20:54:30.087Z] >>> [apiv2][query] GET https://firebase.googleapis.com/v1beta1/projects/twitter-cl0ne/webApps/-/config [none]
[debug] [2023-02-15T20:54:31.173Z] <<< [apiv2][status] GET https://firebase.googleapis.com/v1beta1/projects/twitter-cl0ne/webApps/-/config 200
[debug] [2023-02-15T20:54:31.174Z] <<< [apiv2][body] GET https://firebase.googleapis.com/v1beta1/projects/twitter-cl0ne/webApps/-/config {"projectId":"twitter-cl0ne","appId":"1:34904522694:web:68e311cb35f1dba8a1bcc7","databaseURL":"https://twitter-cl0ne-default-rtdb.firebaseio.com","storageBucket":"twitter-cl0ne.appspot.com","locationId":"us-central","apiKey":"AIzaSyBpJ8CA8p5FMwk8Rbo3heSkXm_5yiigMOo","authDomain":"twitter-cl0ne.firebaseapp.com","messagingSenderId":"34904522694"}
[debug] [2023-02-15T20:54:31.181Z] >>> [apiv2][query] GET https://firebase.googleapis.com/v1beta1/projects/twitter-cl0ne [none]
[debug] [2023-02-15T20:54:31.408Z] <<< [apiv2][status] GET https://firebase.googleapis.com/v1beta1/projects/twitter-cl0ne 200
[debug] [2023-02-15T20:54:31.408Z] <<< [apiv2][body] GET https://firebase.googleapis.com/v1beta1/projects/twitter-cl0ne {"projectId":"twitter-cl0ne","projectNumber":"34904522694","displayName":"twittter-clone","name":"projects/twitter-cl0ne","resources":{"hostingSite":"twitter-cl0ne","realtimeDatabaseInstance":"twitter-cl0ne-default-rtdb","storageBucket":"twitter-cl0ne.appspot.com","locationId":"us-central"},"state":"ACTIVE","etag":"1_6c3f2d5b-1961-4651-b80e-c58dcca5190e"}
[info] i  hosting[twitter-cl0ne]: Serving hosting files from: public {"metadata":{"emulator":{"name":"hosting"},"message":"Serving hosting files from: \u001b[1mpublic\u001b[22m"}}
[info] ✔  hosting[twitter-cl0ne]: Local server: http://localhost:5013 {"metadata":{"emulator":{"name":"hosting"},"message":"Local server: \u001b[4m\u001b[1mhttp://localhost:5013\u001b[22m\u001b[24m"}}
[debug] [2023-02-15T21:53:06.553Z] ----------------------------------------------------------------------
[debug] [2023-02-15T21:53:06.554Z] Command:       /opt/homebrew/Cellar/node/19.6.0/bin/node /opt/homebrew/bin/firebase serve --only hosting
[debug] [2023-02-15T21:53:06.554Z] CLI Version:   11.22.0
[debug] [2023-02-15T21:53:06.554Z] Platform:      darwin
[debug] [2023-02-15T21:53:06.555Z] Node Version:  v19.6.0
[debug] [2023-02-15T21:53:06.555Z] Time:          Wed Feb 15 2023 22:53:06 GMT+0100 (Central European Standard Time)
[debug] [2023-02-15T21:53:06.555Z] ----------------------------------------------------------------------
[debug] 
[debug] [2023-02-15T21:53:06.596Z] > command requires scopes: ["email","openid","https://www.googleapis.com/auth/cloudplatformprojects.readonly","https://www.googleapis.com/auth/firebase","https://www.googleapis.com/auth/cloud-platform"]
[debug] [2023-02-15T21:53:06.596Z] > authorizing via signed-in user (z.macele@gmail.com)
[debug] [2023-02-15T21:53:06.596Z] [iam] checking project twitter-cl0ne for permissions ["firebase.projects.get"]
[debug] [2023-02-15T21:53:06.597Z] > refreshing access token with scopes: []
[debug] [2023-02-15T21:53:06.598Z] >>> [apiv2][query] POST https://www.googleapis.com/oauth2/v3/token [none]
[debug] [2023-02-15T21:53:06.598Z] >>> [apiv2][body] POST https://www.googleapis.com/oauth2/v3/token [omitted]
[debug] [2023-02-15T21:53:06.740Z] <<< [apiv2][status] POST https://www.googleapis.com/oauth2/v3/token 200
[debug] [2023-02-15T21:53:06.740Z] <<< [apiv2][body] POST https://www.googleapis.com/oauth2/v3/token [omitted]
[debug] [2023-02-15T21:53:06.749Z] >>> [apiv2][query] POST https://cloudresourcemanager.googleapis.com/v1/projects/twitter-cl0ne:testIamPermissions [none]
[debug] [2023-02-15T21:53:06.749Z] >>> [apiv2][(partial)header] POST https://cloudresourcemanager.googleapis.com/v1/projects/twitter-cl0ne:testIamPermissions x-goog-quota-user=projects/twitter-cl0ne
[debug] [2023-02-15T21:53:06.750Z] >>> [apiv2][body] POST https://cloudresourcemanager.googleapis.com/v1/projects/twitter-cl0ne:testIamPermissions {"permissions":["firebase.projects.get"]}
[debug] [2023-02-15T21:53:07.569Z] <<< [apiv2][status] POST https://cloudresourcemanager.googleapis.com/v1/projects/twitter-cl0ne:testIamPermissions 200
[debug] [2023-02-15T21:53:07.569Z] <<< [apiv2][body] POST https://cloudresourcemanager.googleapis.com/v1/projects/twitter-cl0ne:testIamPermissions {"permissions":["firebase.projects.get"]}
[debug] [2023-02-15T21:53:07.570Z] >>> [apiv2][query] GET https://firebase.googleapis.com/v1beta1/projects/twitter-cl0ne [none]
[debug] [2023-02-15T21:53:07.884Z] <<< [apiv2][status] GET https://firebase.googleapis.com/v1beta1/projects/twitter-cl0ne 200
[debug] [2023-02-15T21:53:07.884Z] <<< [apiv2][body] GET https://firebase.googleapis.com/v1beta1/projects/twitter-cl0ne {"projectId":"twitter-cl0ne","projectNumber":"34904522694","displayName":"twittter-clone","name":"projects/twitter-cl0ne","resources":{"hostingSite":"twitter-cl0ne","realtimeDatabaseInstance":"twitter-cl0ne-default-rtdb","storageBucket":"twitter-cl0ne.appspot.com","locationId":"us-central"},"state":"ACTIVE","etag":"1_6c3f2d5b-1961-4651-b80e-c58dcca5190e"}
[debug] [2023-02-15T21:53:07.888Z] >>> [apiv2][query] GET https://firebasehosting.googleapis.com/v1beta1/projects/twitter-cl0ne/sites 
[debug] [2023-02-15T21:53:08.993Z] <<< [apiv2][status] GET https://firebasehosting.googleapis.com/v1beta1/projects/twitter-cl0ne/sites 200
[debug] [2023-02-15T21:53:08.994Z] <<< [apiv2][body] GET https://firebasehosting.googleapis.com/v1beta1/projects/twitter-cl0ne/sites {"sites":[{"name":"projects/twitter-cl0ne/sites/twitter-cl0ne","defaultUrl":"https://twitter-cl0ne.web.app","type":"DEFAULT_SITE"}]}
[debug] [2023-02-15T21:53:08.994Z] >>> [apiv2][query] GET https://firebase.googleapis.com/v1beta1/projects/twitter-cl0ne/webApps/-/config [none]
[debug] [2023-02-15T21:53:09.753Z] <<< [apiv2][status] GET https://firebase.googleapis.com/v1beta1/projects/twitter-cl0ne/webApps/-/config 200
[debug] [2023-02-15T21:53:09.753Z] <<< [apiv2][body] GET https://firebase.googleapis.com/v1beta1/projects/twitter-cl0ne/webApps/-/config {"projectId":"twitter-cl0ne","appId":"1:34904522694:web:68e311cb35f1dba8a1bcc7","databaseURL":"https://twitter-cl0ne-default-rtdb.firebaseio.com","storageBucket":"twitter-cl0ne.appspot.com","locationId":"us-central","apiKey":"AIzaSyBpJ8CA8p5FMwk8Rbo3heSkXm_5yiigMOo","authDomain":"twitter-cl0ne.firebaseapp.com","messagingSenderId":"34904522694"}
[debug] [2023-02-15T21:53:09.762Z] >>> [apiv2][query] GET https://firebase.googleapis.com/v1beta1/projects/twitter-cl0ne [none]
[debug] [2023-02-15T21:53:09.977Z] <<< [apiv2][status] GET https://firebase.googleapis.com/v1beta1/projects/twitter-cl0ne 200
[debug] [2023-02-15T21:53:09.977Z] <<< [apiv2][body] GET https://firebase.googleapis.com/v1beta1/projects/twitter-cl0ne {"projectId":"twitter-cl0ne","projectNumber":"34904522694","displayName":"twittter-clone","name":"projects/twitter-cl0ne","resources":{"hostingSite":"twitter-cl0ne","realtimeDatabaseInstance":"twitter-cl0ne-default-rtdb","storageBucket":"twitter-cl0ne.appspot.com","locationId":"us-central"},"state":"ACTIVE","etag":"1_6c3f2d5b-1961-4651-b80e-c58dcca5190e"}
[info] i  hosting[twitter-cl0ne]: Serving hosting files from: public {"metadata":{"emulator":{"name":"hosting"},"message":"Serving hosting files from: \u001b[1mpublic\u001b[22m"}}
[info] ✔  hosting[twitter-cl0ne]: Local server: http://localhost:5014 {"metadata":{"emulator":{"name":"hosting"},"message":"Local server: \u001b[4m\u001b[1mhttp://localhost:5014\u001b[22m\u001b[24m"}}
[debug] [2023-02-15T22:38:08.333Z] ----------------------------------------------------------------------
[debug] [2023-02-15T22:38:08.335Z] Command:       /opt/homebrew/Cellar/node/19.6.0/bin/node /opt/homebrew/bin/firebase serve --only hosting
[debug] [2023-02-15T22:38:08.335Z] CLI Version:   11.22.0
[debug] [2023-02-15T22:38:08.336Z] Platform:      darwin
[debug] [2023-02-15T22:38:08.336Z] Node Version:  v19.6.0
[debug] [2023-02-15T22:38:08.336Z] Time:          Wed Feb 15 2023 23:38:08 GMT+0100 (Central European Standard Time)
[debug] [2023-02-15T22:38:08.336Z] ----------------------------------------------------------------------
[debug] 
[debug] [2023-02-15T22:38:08.382Z] > command requires scopes: ["email","openid","https://www.googleapis.com/auth/cloudplatformprojects.readonly","https://www.googleapis.com/auth/firebase","https://www.googleapis.com/auth/cloud-platform"]
[debug] [2023-02-15T22:38:08.382Z] > authorizing via signed-in user (z.macele@gmail.com)
[debug] [2023-02-15T22:38:08.382Z] [iam] checking project twitter-cl0ne for permissions ["firebase.projects.get"]
[debug] [2023-02-15T22:38:08.382Z] > refreshing access token with scopes: []
[debug] [2023-02-15T22:38:08.383Z] >>> [apiv2][query] POST https://www.googleapis.com/oauth2/v3/token [none]
[debug] [2023-02-15T22:38:08.383Z] >>> [apiv2][body] POST https://www.googleapis.com/oauth2/v3/token [omitted]
[debug] [2023-02-15T22:38:08.517Z] <<< [apiv2][status] POST https://www.googleapis.com/oauth2/v3/token 200
[debug] [2023-02-15T22:38:08.517Z] <<< [apiv2][body] POST https://www.googleapis.com/oauth2/v3/token [omitted]
[debug] [2023-02-15T22:38:08.526Z] >>> [apiv2][query] POST https://cloudresourcemanager.googleapis.com/v1/projects/twitter-cl0ne:testIamPermissions [none]
[debug] [2023-02-15T22:38:08.526Z] >>> [apiv2][(partial)header] POST https://cloudresourcemanager.googleapis.com/v1/projects/twitter-cl0ne:testIamPermissions x-goog-quota-user=projects/twitter-cl0ne
[debug] [2023-02-15T22:38:08.527Z] >>> [apiv2][body] POST https://cloudresourcemanager.googleapis.com/v1/projects/twitter-cl0ne:testIamPermissions {"permissions":["firebase.projects.get"]}
[debug] [2023-02-15T22:38:09.499Z] <<< [apiv2][status] POST https://cloudresourcemanager.googleapis.com/v1/projects/twitter-cl0ne:testIamPermissions 200
[debug] [2023-02-15T22:38:09.499Z] <<< [apiv2][body] POST https://cloudresourcemanager.googleapis.com/v1/projects/twitter-cl0ne:testIamPermissions {"permissions":["firebase.projects.get"]}
[debug] [2023-02-15T22:38:09.499Z] >>> [apiv2][query] GET https://firebase.googleapis.com/v1beta1/projects/twitter-cl0ne [none]
[debug] [2023-02-15T22:38:09.775Z] <<< [apiv2][status] GET https://firebase.googleapis.com/v1beta1/projects/twitter-cl0ne 200
[debug] [2023-02-15T22:38:09.775Z] <<< [apiv2][body] GET https://firebase.googleapis.com/v1beta1/projects/twitter-cl0ne {"projectId":"twitter-cl0ne","projectNumber":"34904522694","displayName":"twittter-clone","name":"projects/twitter-cl0ne","resources":{"hostingSite":"twitter-cl0ne","realtimeDatabaseInstance":"twitter-cl0ne-default-rtdb","storageBucket":"twitter-cl0ne.appspot.com","locationId":"us-central"},"state":"ACTIVE","etag":"1_6c3f2d5b-1961-4651-b80e-c58dcca5190e"}
[debug] [2023-02-15T22:38:09.778Z] >>> [apiv2][query] GET https://firebasehosting.googleapis.com/v1beta1/projects/twitter-cl0ne/sites 
[debug] [2023-02-15T22:38:10.865Z] <<< [apiv2][status] GET https://firebasehosting.googleapis.com/v1beta1/projects/twitter-cl0ne/sites 200
[debug] [2023-02-15T22:38:10.866Z] <<< [apiv2][body] GET https://firebasehosting.googleapis.com/v1beta1/projects/twitter-cl0ne/sites {"sites":[{"name":"projects/twitter-cl0ne/sites/twitter-cl0ne","defaultUrl":"https://twitter-cl0ne.web.app","type":"DEFAULT_SITE"}]}
[debug] [2023-02-15T22:38:10.866Z] >>> [apiv2][query] GET https://firebase.googleapis.com/v1beta1/projects/twitter-cl0ne/webApps/-/config [none]
[debug] [2023-02-15T22:38:11.614Z] <<< [apiv2][status] GET https://firebase.googleapis.com/v1beta1/projects/twitter-cl0ne/webApps/-/config 200
[debug] [2023-02-15T22:38:11.614Z] <<< [apiv2][body] GET https://firebase.googleapis.com/v1beta1/projects/twitter-cl0ne/webApps/-/config {"projectId":"twitter-cl0ne","appId":"1:34904522694:web:68e311cb35f1dba8a1bcc7","databaseURL":"https://twitter-cl0ne-default-rtdb.firebaseio.com","storageBucket":"twitter-cl0ne.appspot.com","locationId":"us-central","apiKey":"AIzaSyBpJ8CA8p5FMwk8Rbo3heSkXm_5yiigMOo","authDomain":"twitter-cl0ne.firebaseapp.com","messagingSenderId":"34904522694"}
[debug] [2023-02-15T22:38:11.621Z] >>> [apiv2][query] GET https://firebase.googleapis.com/v1beta1/projects/twitter-cl0ne [none]
[debug] [2023-02-15T22:38:11.851Z] <<< [apiv2][status] GET https://firebase.googleapis.com/v1beta1/projects/twitter-cl0ne 200
[debug] [2023-02-15T22:38:11.852Z] <<< [apiv2][body] GET https://firebase.googleapis.com/v1beta1/projects/twitter-cl0ne {"projectId":"twitter-cl0ne","projectNumber":"34904522694","displayName":"twittter-clone","name":"projects/twitter-cl0ne","resources":{"hostingSite":"twitter-cl0ne","realtimeDatabaseInstance":"twitter-cl0ne-default-rtdb","storageBucket":"twitter-cl0ne.appspot.com","locationId":"us-central"},"state":"ACTIVE","etag":"1_6c3f2d5b-1961-4651-b80e-c58dcca5190e"}
[info] i  hosting[twitter-cl0ne]: Serving hosting files from: public {"metadata":{"emulator":{"name":"hosting"},"message":"Serving hosting files from: \u001b[1mpublic\u001b[22m"}}
[info] ✔  hosting[twitter-cl0ne]: Local server: http://localhost:5015 {"metadata":{"emulator":{"name":"hosting"},"message":"Local server: \u001b[4m\u001b[1mhttp://localhost:5015\u001b[22m\u001b[24m"}}
[debug] [2023-02-16T05:54:47.824Z] ----------------------------------------------------------------------
[debug] [2023-02-16T05:54:47.825Z] Command:       /opt/homebrew/Cellar/node/19.6.0/bin/node /opt/homebrew/bin/firebase serve --only hosting
[debug] [2023-02-16T05:54:47.825Z] CLI Version:   11.22.0
[debug] [2023-02-16T05:54:47.826Z] Platform:      darwin
[debug] [2023-02-16T05:54:47.826Z] Node Version:  v19.6.0
[debug] [2023-02-16T05:54:47.826Z] Time:          Thu Feb 16 2023 06:54:47 GMT+0100 (Central European Standard Time)
[debug] [2023-02-16T05:54:47.826Z] ----------------------------------------------------------------------
[debug] 
[debug] [2023-02-16T05:54:47.867Z] > command requires scopes: ["email","openid","https://www.googleapis.com/auth/cloudplatformprojects.readonly","https://www.googleapis.com/auth/firebase","https://www.googleapis.com/auth/cloud-platform"]
[debug] [2023-02-16T05:54:47.867Z] > authorizing via signed-in user (z.macele@gmail.com)
[debug] [2023-02-16T05:54:47.867Z] [iam] checking project twitter-cl0ne for permissions ["firebase.projects.get"]
[debug] [2023-02-16T05:54:47.867Z] > refreshing access token with scopes: []
[debug] [2023-02-16T05:54:47.868Z] >>> [apiv2][query] POST https://www.googleapis.com/oauth2/v3/token [none]
[debug] [2023-02-16T05:54:47.868Z] >>> [apiv2][body] POST https://www.googleapis.com/oauth2/v3/token [omitted]
[debug] [2023-02-16T05:54:48.016Z] <<< [apiv2][status] POST https://www.googleapis.com/oauth2/v3/token 200
[debug] [2023-02-16T05:54:48.017Z] <<< [apiv2][body] POST https://www.googleapis.com/oauth2/v3/token [omitted]
[debug] [2023-02-16T05:54:48.028Z] >>> [apiv2][query] POST https://cloudresourcemanager.googleapis.com/v1/projects/twitter-cl0ne:testIamPermissions [none]
[debug] [2023-02-16T05:54:48.028Z] >>> [apiv2][(partial)header] POST https://cloudresourcemanager.googleapis.com/v1/projects/twitter-cl0ne:testIamPermissions x-goog-quota-user=projects/twitter-cl0ne
[debug] [2023-02-16T05:54:48.028Z] >>> [apiv2][body] POST https://cloudresourcemanager.googleapis.com/v1/projects/twitter-cl0ne:testIamPermissions {"permissions":["firebase.projects.get"]}
[debug] [2023-02-16T05:54:48.822Z] <<< [apiv2][status] POST https://cloudresourcemanager.googleapis.com/v1/projects/twitter-cl0ne:testIamPermissions 200
[debug] [2023-02-16T05:54:48.822Z] <<< [apiv2][body] POST https://cloudresourcemanager.googleapis.com/v1/projects/twitter-cl0ne:testIamPermissions {"permissions":["firebase.projects.get"]}
[debug] [2023-02-16T05:54:48.823Z] >>> [apiv2][query] GET https://firebase.googleapis.com/v1beta1/projects/twitter-cl0ne [none]
[debug] [2023-02-16T05:54:49.090Z] <<< [apiv2][status] GET https://firebase.googleapis.com/v1beta1/projects/twitter-cl0ne 200
[debug] [2023-02-16T05:54:49.090Z] <<< [apiv2][body] GET https://firebase.googleapis.com/v1beta1/projects/twitter-cl0ne {"projectId":"twitter-cl0ne","projectNumber":"34904522694","displayName":"twittter-clone","name":"projects/twitter-cl0ne","resources":{"hostingSite":"twitter-cl0ne","realtimeDatabaseInstance":"twitter-cl0ne-default-rtdb","storageBucket":"twitter-cl0ne.appspot.com","locationId":"us-central"},"state":"ACTIVE","etag":"1_6c3f2d5b-1961-4651-b80e-c58dcca5190e"}
[debug] [2023-02-16T05:54:49.094Z] >>> [apiv2][query] GET https://firebasehosting.googleapis.com/v1beta1/projects/twitter-cl0ne/sites 
[debug] [2023-02-16T05:54:50.166Z] <<< [apiv2][status] GET https://firebasehosting.googleapis.com/v1beta1/projects/twitter-cl0ne/sites 200
[debug] [2023-02-16T05:54:50.166Z] <<< [apiv2][body] GET https://firebasehosting.googleapis.com/v1beta1/projects/twitter-cl0ne/sites {"sites":[{"name":"projects/twitter-cl0ne/sites/twitter-cl0ne","defaultUrl":"https://twitter-cl0ne.web.app","type":"DEFAULT_SITE"}]}
[debug] [2023-02-16T05:54:50.166Z] >>> [apiv2][query] GET https://firebase.googleapis.com/v1beta1/projects/twitter-cl0ne/webApps/-/config [none]
[debug] [2023-02-16T05:54:50.875Z] <<< [apiv2][status] GET https://firebase.googleapis.com/v1beta1/projects/twitter-cl0ne/webApps/-/config 200
[debug] [2023-02-16T05:54:50.875Z] <<< [apiv2][body] GET https://firebase.googleapis.com/v1beta1/projects/twitter-cl0ne/webApps/-/config {"projectId":"twitter-cl0ne","appId":"1:34904522694:web:68e311cb35f1dba8a1bcc7","databaseURL":"https://twitter-cl0ne-default-rtdb.firebaseio.com","storageBucket":"twitter-cl0ne.appspot.com","locationId":"us-central","apiKey":"AIzaSyBpJ8CA8p5FMwk8Rbo3heSkXm_5yiigMOo","authDomain":"twitter-cl0ne.firebaseapp.com","messagingSenderId":"34904522694"}
[debug] [2023-02-16T05:54:50.883Z] >>> [apiv2][query] GET https://firebase.googleapis.com/v1beta1/projects/twitter-cl0ne [none]
[debug] [2023-02-16T05:54:51.065Z] <<< [apiv2][status] GET https://firebase.googleapis.com/v1beta1/projects/twitter-cl0ne 200
[debug] [2023-02-16T05:54:51.065Z] <<< [apiv2][body] GET https://firebase.googleapis.com/v1beta1/projects/twitter-cl0ne {"projectId":"twitter-cl0ne","projectNumber":"34904522694","displayName":"twittter-clone","name":"projects/twitter-cl0ne","resources":{"hostingSite":"twitter-cl0ne","realtimeDatabaseInstance":"twitter-cl0ne-default-rtdb","storageBucket":"twitter-cl0ne.appspot.com","locationId":"us-central"},"state":"ACTIVE","etag":"1_6c3f2d5b-1961-4651-b80e-c58dcca5190e"}
[info] i  hosting[twitter-cl0ne]: Serving hosting files from: public {"metadata":{"emulator":{"name":"hosting"},"message":"Serving hosting files from: \u001b[1mpublic\u001b[22m"}}
[info] ✔  hosting[twitter-cl0ne]: Local server: http://localhost:5016 {"metadata":{"emulator":{"name":"hosting"},"message":"Local server: \u001b[4m\u001b[1mhttp://localhost:5016\u001b[22m\u001b[24m"}}
